<?xml version="1.0" encoding="UTF-8" ?>
<testsuite tests="1" failures="1" name="tests.TestGeneral" time="0.046" errors="0" skipped="0">
  <properties>
[...]
</properties>
  <testcase classname="tests.TestGeneral" name="verificarConexion" time="0.046">
    <failure message="Duplicate field name &quot;conectorInstalado&quot; with signature &quot;Ljava.lang.String;&quot; in class file persistencia/ConexionBD" type="java.lang.ClassFormatError">java.lang.ClassFormatError: Duplicate field name &quot;conectorInstalado&quot; with signature &quot;Ljava.lang.String;&quot; in class file persistencia/ConexionBD
	at java.base/java.lang.ClassLoader.defineClass1(Native Method)
	at java.base/java.lang.ClassLoader.defineClass(ClassLoader.java:1016)
	at java.base/java.security.SecureClassLoader.defineClass(SecureClassLoader.java:174)
	at java.base/jdk.internal.loader.BuiltinClassLoader.defineClass(BuiltinClassLoader.java:800)
	at java.base/jdk.internal.loader.BuiltinClassLoader.findClassOnClassPathOrNull(BuiltinClassLoader.java:698)
	at java.base/jdk.internal.loader.BuiltinClassLoader.loadClassOrNull(BuiltinClassLoader.java:621)
	at java.base/jdk.internal.loader.BuiltinClassLoader.loadClass(BuiltinClassLoader.java:579)
	at java.base/jdk.internal.loader.ClassLoaders$AppClassLoader.loadClass(ClassLoaders.java:178)
	at java.base/java.lang.ClassLoader.loadClass(ClassLoader.java:521)
	at tests.TestGeneral.verificarConexion(TestGeneral.java:16)
</failure>
    <system-out>Configuring TestNG with: org.apache.maven.surefire.testng.conf.TestNG652Configurator@578486a3
</system-out>
  </testcase>
</testsuite>