<?xml version="1.0" encoding="UTF-8"?>
<testng-results ignored="0" total="0" passed="0" failed="0" skipped="0">
  <reporter-output>
  </reporter-output>
  <suite started-at="2021-10-09T02:36:35 COT" name="tests.TestGeneral" finished-at="2021-10-09T02:36:35 COT" duration-ms="179">
    <groups>
    </groups>
    <test started-at="2021-10-09T02:36:35 COT" name="Command line test" finished-at="2021-10-09T02:36:35 COT" duration-ms="179">
    </test> <!-- Command line test -->
  </suite> <!-- tests.TestGeneral -->
</testng-results>
