<?xml version="1.0" encoding="UTF-8"?>
<!-- Generated by org.testng.reporters.JUnitXMLReporter -->
<testsuite ignored="0" hostname="java_vm" failures="1" tests="1" name="Command line test" time="0.031" errors="0" timestamp="2021-10-03T02:44:34 COT">
  <testcase classname="tests.TestGeneral" name="verificarConexion" time="0.0">
    <failure type="java.lang.ClassFormatError" message="Duplicate field name &amp;quot;conectorInstalado&amp;quot; with signature &amp;quot;Ljava.lang.String;&amp;quot; in class file persistencia/ConexionBD">
      <![CDATA[java.lang.ClassFormatError: Duplicate field name "conectorInstalado" with signature "Ljava.lang.String;" in class file persistencia/ConexionBD
at java.base/java.lang.ClassLoader.defineClass1(Native Method)
at java.base/java.lang.ClassLoader.defineClass(ClassLoader.java:1016)
at java.base/java.security.SecureClassLoader.defineClass(SecureClassLoader.java:174)
at java.base/jdk.internal.loader.BuiltinClassLoader.defineClass(BuiltinClassLoader.java:800)
at java.base/jdk.internal.loader.BuiltinClassLoader.findClassOnClassPathOrNull(BuiltinClassLoader.java:698)
at java.base/jdk.internal.loader.BuiltinClassLoader.loadClassOrNull(BuiltinClassLoader.java:621)
at java.base/jdk.internal.loader.BuiltinClassLoader.loadClass(BuiltinClassLoader.java:579)
at java.base/jdk.internal.loader.ClassLoaders$AppClassLoader.loadClass(ClassLoaders.java:178)
at java.base/java.lang.ClassLoader.loadClass(ClassLoader.java:521)
at tests.TestGeneral.verificarConexion(TestGeneral.java:16)
at java.base/java.util.ArrayList.forEach(ArrayList.java:1541)
... Removed 36 stack frames]]>
    </failure>
  </testcase> <!-- verificarConexion -->
</testsuite> <!-- Command line test -->
